#
# There is insufficient memory for the Java Runtime Environment to continue.
# Native memory allocation (malloc) failed to allocate 1189856 bytes for Chunk::new
# Possible reasons:
#   The system is out of physical RAM or swap space
#   In 32 bit mode, the process size limit was hit
# Possible solutions:
#   Reduce memory load on the system
#   Increase physical memory or swap space
#   Check if swap backing store is full
#   Use 64 bit Java on a 64 bit OS
#   Decrease Java heap size (-Xmx/-Xms)
#   Decrease number of Java threads
#   Decrease Java thread stack sizes (-Xss)
#   Set larger code cache with -XX:ReservedCodeCacheSize=
# This output file may be truncated or incomplete.
#
#  Out of Memory Error (allocation.cpp:390), pid=3432, tid=8656
#
# JRE version: Java(TM) SE Runtime Environment (8.0_74-b02) (build 1.8.0_74-b02)
# Java VM: Java HotSpot(TM) 64-Bit Server VM (25.74-b02 mixed mode windows-amd64 compressed oops)
# Failed to write core dump. Minidumps are not enabled by default on client versions of Windows
#

---------------  T H R E A D  ---------------

Current thread (0x0000000013a5c000):  JavaThread "C2 CompilerThread1" daemon [_thread_in_native, id=8656, stack(0x0000000015190000,0x0000000015290000)]

Stack: [0x0000000015190000,0x0000000015290000]
[error occurred during error reporting (printing stack bounds), id 0xc0000005]

Native frames: (J=compiled Java code, j=interpreted, Vv=VM code, C=native code)


Current CompileTask:
C2:19494673 13222       4      
[error occurred during error reporting (printing current compile task), id 0xe0000001]


---------------  P R O C E S S  ---------------

Java Threads: ( => current thread )
  0x000000001a172000 JavaThread "Exec process Thread 28" [_thread_in_native, id=14000, stack(0x0000000021c10000,0x0000000021d10000)]
  0x000000001a16a800 JavaThread "Exec process Thread 27" [_thread_in_native, id=5148, stack(0x0000000021b10000,0x0000000021c10000)]
  0x000000001a171800 JavaThread "Exec process Thread 26" [_thread_blocked, id=6204, stack(0x0000000021a10000,0x0000000021b10000)]
  0x000000001a16d000 JavaThread "DisconnectableInputStream source reader" daemon [_thread_blocked, id=16108, stack(0x0000000021910000,0x0000000021a10000)]
  0x000000001a16a000 JavaThread "Exec process Thread 25" [_thread_in_native, id=11084, stack(0x00000000210f0000,0x00000000211f0000)]
  0x000000001a16f000 JavaThread "Cache worker for Java compile cache (D:\Etude\dsc\cours\majeur\web\demo\.gradle\5.6.4\javaCompile)" [_thread_blocked, id=13704, stack(0x0000000020d90000,0x0000000020e90000)]
  0x000000001a16c000 JavaThread "Cache worker for execution history cache (D:\Etude\dsc\cours\majeur\web\demo\.gradle\5.6.4\executionHistory)" [_thread_blocked, id=7228, stack(0x0000000020810000,0x0000000020910000)]
  0x000000001a16e800 JavaThread "Execution worker for ':' Thread 3" [_thread_blocked, id=6620, stack(0x0000000020710000,0x0000000020810000)]
  0x000000001a16d800 JavaThread "Execution worker for ':' Thread 2" [_thread_blocked, id=16064, stack(0x0000000020410000,0x0000000020510000)]
  0x0000000019699000 JavaThread "Execution worker for ':'" [_thread_blocked, id=1424, stack(0x0000000020310000,0x0000000020410000)]
  0x000000001969c000 JavaThread "Cache worker for file content cache (D:\Etude\dsc\cours\majeur\web\demo\.gradle\5.6.4\fileContent)" [_thread_blocked, id=3820, stack(0x000000001fd10000,0x000000001fe10000)]
  0x000000001969b000 JavaThread "Cache worker for Build Output Cleanup Cache (D:\Etude\dsc\cours\majeur\web\demo\.gradle\buildOutputCleanup)" [_thread_blocked, id=5124, stack(0x000000001fc10000,0x000000001fd10000)]
  0x0000000019699800 JavaThread "Build operations Thread 4" [_thread_blocked, id=3312, stack(0x000000001fb10000,0x000000001fc10000)]
  0x000000001969a800 JavaThread "Build operations Thread 3" [_thread_blocked, id=3256, stack(0x000000001fa10000,0x000000001fb10000)]
  0x000000001968f000 JavaThread "Build operations Thread 2" [_thread_blocked, id=10792, stack(0x000000001ee30000,0x000000001ef30000)]
  0x0000000019696000 JavaThread "Build operations" [_thread_blocked, id=12076, stack(0x000000001ea30000,0x000000001eb30000)]
  0x0000000019694800 JavaThread "Cache worker for cache directory md-rule (C:\Users\ASUS\.gradle\caches\5.6.4\md-rule)" [_thread_blocked, id=6528, stack(0x000000001e930000,0x000000001ea30000)]
  0x0000000019693800 JavaThread "Cache worker for cache directory md-supplier (C:\Users\ASUS\.gradle\caches\5.6.4\md-supplier)" [_thread_blocked, id=10800, stack(0x000000001bc80000,0x000000001bd80000)]
  0x0000000019698000 JavaThread "Cache worker for file hash cache (D:\Etude\dsc\cours\majeur\web\demo\.gradle\5.6.4\fileHashes)" [_thread_blocked, id=11872, stack(0x0000000018a10000,0x0000000018b10000)]
  0x0000000019697800 JavaThread "Thread-219" [_thread_blocked, id=3552, stack(0x0000000018310000,0x0000000018410000)]
  0x0000000019695000 JavaThread "Stdin handler" [_thread_blocked, id=12092, stack(0x0000000018210000,0x0000000018310000)]
  0x0000000019692000 JavaThread "Asynchronous log dispatcher for DefaultDaemonConnection: socket connection from /127.0.0.1:60998 to /127.0.0.1:61619" [_thread_blocked, id=11692, stack(0x0000000018110000,0x0000000018210000)]
  0x0000000019691800 JavaThread "Daemon worker Thread 9" [_thread_blocked, id=14016, stack(0x0000000018010000,0x0000000018110000)]
  0x0000000019690000 JavaThread "Cancel handler" [_thread_blocked, id=3076, stack(0x0000000017f10000,0x0000000018010000)]
  0x0000000019696800 JavaThread "Handler for socket connection from /127.0.0.1:60998 to /127.0.0.1:61619" [_thread_in_native, id=1240, stack(0x0000000017c10000,0x0000000017d10000)]
  0x000000001968d800 JavaThread "Daemon Thread 9" [_thread_blocked, id=2720, stack(0x0000000017b10000,0x0000000017c10000)]
  0x0000000019690800 JavaThread "Cache worker for Java compile cache (C:\Users\ASUS\.gradle\caches\5.6.4\javaCompile)" [_thread_blocked, id=10376, stack(0x000000001fe10000,0x000000001ff10000)]
  0x000000001a169000 JavaThread "Cache worker for file content cache (C:\Users\ASUS\.gradle\caches\5.6.4\fileContent)" [_thread_blocked, id=2024, stack(0x000000001f910000,0x000000001fa10000)]
  0x000000001a170000 JavaThread "Memory manager" [_thread_blocked, id=11960, stack(0x000000001ef30000,0x000000001f030000)]
  0x000000001689a000 JavaThread "Cache worker for execution history cache (C:\Users\ASUS\.gradle\caches\5.6.4\executionHistory)" [_thread_blocked, id=10680, stack(0x000000001eb30000,0x000000001ec30000)]
  0x0000000016898000 JavaThread "Cache worker for journal cache (C:\Users\ASUS\.gradle\caches\journal-1)" [_thread_blocked, id=16176, stack(0x0000000018810000,0x0000000018910000)]
  0x000000001689c800 JavaThread "File lock request listener" [_thread_in_native, id=9092, stack(0x0000000018710000,0x0000000018810000)]
  0x0000000016898800 JavaThread "Cache worker for file hash cache (C:\Users\ASUS\.gradle\caches\5.6.4\fileHashes)" [_thread_blocked, id=8232, stack(0x0000000018410000,0x0000000018510000)]
  0x00000000154e2000 JavaThread "Daemon periodic checks" [_thread_blocked, id=14548, stack(0x0000000017a10000,0x0000000017b10000)]
  0x00000000154e0800 JavaThread "Incoming local TCP Connector on port 60998" [_thread_in_native, id=7132, stack(0x00000000177a0000,0x00000000178a0000)]
  0x0000000015442800 JavaThread "Daemon health stats" [_thread_blocked, id=9004, stack(0x0000000017160000,0x0000000017260000)]
  0x0000000015297800 JavaThread "Service Thread" daemon [_thread_blocked, id=16380, stack(0x0000000015790000,0x0000000015890000)]
  0x0000000015290800 JavaThread "C1 CompilerThread2" daemon [_thread_in_vm, id=14232, stack(0x0000000015690000,0x0000000015790000)]
=>0x0000000013a5c000 JavaThread "C2 CompilerThread1" daemon [_thread_in_native, id=8656, stack(0x0000000015190000,0x0000000015290000)]
  0x00000000139ff000 JavaThread "C2 CompilerThread0" daemon [_thread_in_vm, id=15312, stack(0x0000000015090000,0x0000000015190000)]
  0x00000000139fc000 JavaThread "Attach Listener" daemon [_thread_blocked, id=11600, stack(0x0000000014f90000,0x0000000015090000)]
  0x00000000139fb000 JavaThread "Signal Dispatcher" daemon [_thread_blocked, id=4600, stack(0x0000000014e90000,0x0000000014f90000)]
  0x00000000025d6000 JavaThread "Finalizer" daemon [_thread_blocked, id=6304, stack(0x0000000014c60000,0x0000000014d60000)]
  0x00000000139c9800 JavaThread "Reference Handler" daemon [_thread_blocked, id=5896, stack(0x0000000014b60000,0x0000000014c60000)]
  0x000000000237e000 JavaThread "main" [_thread_blocked, id=9348, stack(0x0000000002380000,0x0000000002480000)]

Other Threads:
  0x00000000139c8800 VMThread [stack: 0x0000000014a60000,0x0000000014b60000] [id=15292]
  0x000000001529c000 WatcherThread [stack: 0x0000000015890000,0x0000000015990000] [id=16284]

VM state:not at safepoint (normal execution)

VM Mutex/Monitor currently owned by a thread:  ([mutex/lock_event])
[0x00000000024e0e50] Compile_lock - owner thread: 0x00000000139ff000

Heap:
 PSYoungGen      total 145408K, used 103251K [0x00000000f5580000, 0x00000000ffe80000, 0x0000000100000000)
  eden space 134144K, 68% used [0x00000000f5580000,0x00000000faf8cbc0,0x00000000fd880000)
  from space 11264K, 98% used [0x00000000fd880000,0x00000000fe3482d8,0x00000000fe380000)
  to   space 19456K, 0% used [0x00000000feb80000,0x00000000feb80000,0x00000000ffe80000)
 ParOldGen       total 175104K, used 107894K [0x00000000e0000000, 0x00000000eab00000, 0x00000000f5580000)
  object space 175104K, 61% used [0x00000000e0000000,0x00000000e695da50,0x00000000eab00000)
 Metaspace       used 59918K, capacity 62468K, committed 62592K, reserved 1103872K
  class space    used 7985K, capacity 8523K, committed 8576K, reserved 1048576K

Card table byte_map: [0x00000000119a0000,0x0000000011ab0000] byte_map_base: 0x00000000112a0000

Marking Bits: (ParMarkBitMap*) 0x00000000714c0600
 Begin Bits: [0x0000000011f60000, 0x0000000012760000)
 End Bits:   [0x0000000012760000, 0x0000000012f60000)

Polling page: 0x0000000000950000

CodeCache: size=245760Kb used=38851Kb max_used=38872Kb free=206908Kb
 bounds [0x00000000025e0000, 0x0000000004c10000, 0x00000000115e0000]
 total_blobs=11723 nmethods=10943 adapters=691
 compilation: enabled

Compilation events (10 events):
Event: 19493.980 Thread 0x00000000139ff000 13218       4       org.gradle.internal.logging.text.AbstractLineChoppingStyledTextOutput$3::execute (72 bytes)
Event: 19493.981 Thread 0x0000000013a5c000 13219       4       org.gradle.internal.logging.text.AbstractLineChoppingStyledTextOutput$4::execute (9 bytes)
Event: 19494.011 Thread 0x0000000013a5c000 nmethod 13219 0x0000000004be7d50 code [0x0000000004be7ea0, 0x0000000004be7f78]
Event: 19494.011 Thread 0x0000000013a5c000 13220       4       org.gradle.internal.logging.text.AbstractLineChoppingStyledTextOutput$3::execute (9 bytes)
Event: 19494.060 Thread 0x0000000013a5c000 nmethod 13220 0x0000000004c0b590 code [0x0000000004c0b740, 0x0000000004c0be78]
Event: 19494.060 Thread 0x00000000139ff000 nmethod 13218 0x0000000004becfd0 code [0x0000000004bed180, 0x0000000004bed878]
Event: 19494.389 Thread 0x0000000013a5c000 13222       4       java.io.ObjectOutputStream::writeClassDesc (60 bytes)
Event: 19494.389 Thread 0x00000000139ff000 13223   !   4       java.io.ObjectOutputStream::writeObject0 (619 bytes)
Event: 19494.486 Thread 0x0000000015290800 13221       3       java.io.ObjectOutputStream$BlockDataOutputStream::getUTFLength (124 bytes)
Event: 19494.491 Thread 0x0000000015290800 nmethod 13221 0x0000000004c0aa50 code [0x0000000004c0ac00, 0x0000000004c0b2a8]

GC Heap History (10 events):
Event: 3724.909 GC heap before
{Heap before GC invocations=32 (full 3):
 PSYoungGen      total 152576K, used 140608K [0x00000000f5580000, 0x00000000ffe00000, 0x0000000100000000)
  eden space 133632K, 100% used [0x00000000f5580000,0x00000000fd800000,0x00000000fd800000)
  from space 18944K, 36% used [0x00000000feb80000,0x00000000ff250000,0x00000000ffe00000)
  to   space 19456K, 0% used [0x00000000fd800000,0x00000000fd800000,0x00000000feb00000)
 ParOldGen       total 175104K, used 76372K [0x00000000e0000000, 0x00000000eab00000, 0x00000000f5580000)
  object space 175104K, 43% used [0x00000000e0000000,0x00000000e4a952c0,0x00000000eab00000)
 Metaspace       used 59346K, capacity 61664K, committed 61824K, reserved 1101824K
  class space    used 7940K, capacity 8449K, committed 8576K, reserved 1048576K
Event: 3724.975 GC heap after
Heap after GC invocations=32 (full 3):
 PSYoungGen      total 153088K, used 10240K [0x00000000f5580000, 0x00000000fff80000, 0x0000000100000000)
  eden space 133632K, 0% used [0x00000000f5580000,0x00000000f5580000,0x00000000fd800000)
  from space 19456K, 52% used [0x00000000fd800000,0x00000000fe200020,0x00000000feb00000)
  to   space 18944K, 0% used [0x00000000fed00000,0x00000000fed00000,0x00000000fff80000)
 ParOldGen       total 175104K, used 82700K [0x00000000e0000000, 0x00000000eab00000, 0x00000000f5580000)
  object space 175104K, 47% used [0x00000000e0000000,0x00000000e50c33a0,0x00000000eab00000)
 Metaspace       used 59346K, capacity 61664K, committed 61824K, reserved 1101824K
  class space    used 7940K, capacity 8449K, committed 8576K, reserved 1048576K
}
Event: 3726.271 GC heap before
{Heap before GC invocations=33 (full 3):
 PSYoungGen      total 153088K, used 143863K [0x00000000f5580000, 0x00000000fff80000, 0x0000000100000000)
  eden space 133632K, 99% used [0x00000000f5580000,0x00000000fd7fdfb8,0x00000000fd800000)
  from space 19456K, 52% used [0x00000000fd800000,0x00000000fe200020,0x00000000feb00000)
  to   space 18944K, 0% used [0x00000000fed00000,0x00000000fed00000,0x00000000fff80000)
 ParOldGen       total 175104K, used 82700K [0x00000000e0000000, 0x00000000eab00000, 0x00000000f5580000)
  object space 175104K, 47% used [0x00000000e0000000,0x00000000e50c33a0,0x00000000eab00000)
 Metaspace       used 59377K, capacity 61734K, committed 62080K, reserved 1103872K
  class space    used 7941K, capacity 8450K, committed 8576K, reserved 1048576K
Event: 3726.335 GC heap after
Heap after GC invocations=33 (full 3):
 PSYoungGen      total 154112K, used 6177K [0x00000000f5580000, 0x00000000ffe80000, 0x0000000100000000)
  eden space 136192K, 0% used [0x00000000f5580000,0x00000000f5580000,0x00000000fda80000)
  from space 17920K, 34% used [0x00000000fed00000,0x00000000ff308480,0x00000000ffe80000)
  to   space 18432K, 0% used [0x00000000fda80000,0x00000000fda80000,0x00000000fec80000)
 ParOldGen       total 175104K, used 92087K [0x00000000e0000000, 0x00000000eab00000, 0x00000000f5580000)
  object space 175104K, 52% used [0x00000000e0000000,0x00000000e59edf80,0x00000000eab00000)
 Metaspace       used 59377K, capacity 61734K, committed 62080K, reserved 1103872K
  class space    used 7941K, capacity 8450K, committed 8576K, reserved 1048576K
}
Event: 4873.524 GC heap before
{Heap before GC invocations=34 (full 3):
 PSYoungGen      total 154112K, used 142369K [0x00000000f5580000, 0x00000000ffe80000, 0x0000000100000000)
  eden space 136192K, 100% used [0x00000000f5580000,0x00000000fda80000,0x00000000fda80000)
  from space 17920K, 34% used [0x00000000fed00000,0x00000000ff308480,0x00000000ffe80000)
  to   space 18432K, 0% used [0x00000000fda80000,0x00000000fda80000,0x00000000fec80000)
 ParOldGen       total 175104K, used 92087K [0x00000000e0000000, 0x00000000eab00000, 0x00000000f5580000)
  object space 175104K, 52% used [0x00000000e0000000,0x00000000e59edf80,0x00000000eab00000)
 Metaspace       used 59772K, capacity 62334K, committed 62592K, reserved 1103872K
  class space    used 7983K, capacity 8522K, committed 8576K, reserved 1048576K
Event: 4873.619 GC heap after
Heap after GC invocations=34 (full 3):
 PSYoungGen      total 153088K, used 16709K [0x00000000f5580000, 0x0000000100000000, 0x0000000100000000)
  eden space 136192K, 0% used [0x00000000f5580000,0x00000000f5580000,0x00000000fda80000)
  from space 16896K, 98% used [0x00000000fda80000,0x00000000fead17c0,0x00000000feb00000)
  to   space 20480K, 0% used [0x00000000fec00000,0x00000000fec00000,0x0000000100000000)
 ParOldGen       total 175104K, used 97009K [0x00000000e0000000, 0x00000000eab00000, 0x00000000f5580000)
  object space 175104K, 55% used [0x00000000e0000000,0x00000000e5ebc498,0x00000000eab00000)
 Metaspace       used 59772K, capacity 62334K, committed 62592K, reserved 1103872K
  class space    used 7983K, capacity 8522K, committed 8576K, reserved 1048576K
}
Event: 4874.801 GC heap before
{Heap before GC invocations=35 (full 3):
 PSYoungGen      total 153088K, used 152901K [0x00000000f5580000, 0x0000000100000000, 0x0000000100000000)
  eden space 136192K, 100% used [0x00000000f5580000,0x00000000fda80000,0x00000000fda80000)
  from space 16896K, 98% used [0x00000000fda80000,0x00000000fead17c0,0x00000000feb00000)
  to   space 20480K, 0% used [0x00000000fec00000,0x00000000fec00000,0x0000000100000000)
 ParOldGen       total 175104K, used 97009K [0x00000000e0000000, 0x00000000eab00000, 0x00000000f5580000)
  object space 175104K, 55% used [0x00000000e0000000,0x00000000e5ebc498,0x00000000eab00000)
 Metaspace       used 59784K, capacity 62398K, committed 62592K, reserved 1103872K
  class space    used 7983K, capacity 8522K, committed 8576K, reserved 1048576K
Event: 4874.839 GC heap after
Heap after GC invocations=35 (full 3):
 PSYoungGen      total 154624K, used 5376K [0x00000000f5580000, 0x0000000100000000, 0x0000000100000000)
  eden space 134144K, 0% used [0x00000000f5580000,0x00000000f5580000,0x00000000fd880000)
  from space 20480K, 26% used [0x00000000fec00000,0x00000000ff140010,0x0000000100000000)
  to   space 19968K, 0% used [0x00000000fd880000,0x00000000fd880000,0x00000000fec00000)
 ParOldGen       total 175104K, used 103190K [0x00000000e0000000, 0x00000000eab00000, 0x00000000f5580000)
  object space 175104K, 58% used [0x00000000e0000000,0x00000000e64c5af0,0x00000000eab00000)
 Metaspace       used 59784K, capacity 62398K, committed 62592K, reserved 1103872K
  class space    used 7983K, capacity 8522K, committed 8576K, reserved 1048576K
}
Event: 10193.956 GC heap before
{Heap before GC invocations=36 (full 3):
 PSYoungGen      total 154624K, used 139520K [0x00000000f5580000, 0x0000000100000000, 0x0000000100000000)
  eden space 134144K, 100% used [0x00000000f5580000,0x00000000fd880000,0x00000000fd880000)
  from space 20480K, 26% used [0x00000000fec00000,0x00000000ff140010,0x0000000100000000)
  to   space 19968K, 0% used [0x00000000fd880000,0x00000000fd880000,0x00000000fec00000)
 ParOldGen       total 175104K, used 103190K [0x00000000e0000000, 0x00000000eab00000, 0x00000000f5580000)
  object space 175104K, 58% used [0x00000000e0000000,0x00000000e64c5af0,0x00000000eab00000)
 Metaspace       used 59912K, capacity 62462K, committed 62592K, reserved 1103872K
  class space    used 7983K, capacity 8522K, committed 8576K, reserved 1048576K
Event: 10194.313 GC heap after
Heap after GC invocations=36 (full 3):
 PSYoungGen      total 145408K, used 11040K [0x00000000f5580000, 0x00000000ffe80000, 0x0000000100000000)
  eden space 134144K, 0% used [0x00000000f5580000,0x00000000f5580000,0x00000000fd880000)
  from space 11264K, 98% used [0x00000000fd880000,0x00000000fe3482d8,0x00000000fe380000)
  to   space 19456K, 0% used [0x00000000feb80000,0x00000000feb80000,0x00000000ffe80000)
 ParOldGen       total 175104K, used 107894K [0x00000000e0000000, 0x00000000eab00000, 0x00000000f5580000)
  object space 175104K, 61% used [0x00000000e0000000,0x00000000e695da50,0x00000000eab00000)
 Metaspace       used 59912K, capacity 62462K, committed 62592K, reserved 1103872K
  class space    used 7983K, capacity 8522K, committed 8576K, reserved 1048576K
}

Deoptimization events (10 events):
Event: 19494.214 Thread 0x0000000019692000 Uncommon trap: reason=class_check action=maybe_recompile pc=0x0000000004857870 method=java.io.ObjectOutputStream.writeObject0(Ljava/lang/Object;Z)V @ 240
Event: 19494.220 Thread 0x0000000019692000 Uncommon trap: reason=bimorphic action=maybe_recompile pc=0x0000000004882c28 method=java.io.ObjectOutputStream.writeNonProxyDesc(Ljava/io/ObjectStreamClass;Z)V @ 44
Event: 19494.347 Thread 0x0000000019692000 Uncommon trap: reason=bimorphic action=maybe_recompile pc=0x0000000004882c28 method=java.io.ObjectOutputStream.writeNonProxyDesc(Ljava/io/ObjectStreamClass;Z)V @ 44
Event: 19494.348 Thread 0x0000000019692000 Uncommon trap: reason=bimorphic action=maybe_recompile pc=0x0000000004882c28 method=java.io.ObjectOutputStream.writeNonProxyDesc(Ljava/io/ObjectStreamClass;Z)V @ 44
Event: 19494.348 Thread 0x0000000019692000 Uncommon trap: reason=bimorphic action=maybe_recompile pc=0x0000000004882c28 method=java.io.ObjectOutputStream.writeNonProxyDesc(Ljava/io/ObjectStreamClass;Z)V @ 44
Event: 19494.350 Thread 0x0000000019692000 Uncommon trap: reason=class_check action=maybe_recompile pc=0x0000000004857870 method=java.io.ObjectOutputStream.writeObject0(Ljava/lang/Object;Z)V @ 240
Event: 19494.381 Thread 0x0000000019692000 Uncommon trap: reason=bimorphic action=maybe_recompile pc=0x000000000486bbcc method=java.io.ObjectOutputStream.writeNonProxyDesc(Ljava/io/ObjectStreamClass;Z)V @ 44
Event: 19494.382 Thread 0x0000000019692000 Uncommon trap: reason=class_check action=maybe_recompile pc=0x0000000004857870 method=java.io.ObjectOutputStream.writeObject0(Ljava/lang/Object;Z)V @ 240
Event: 19494.382 Thread 0x0000000019692000 Uncommon trap: reason=unstable_if action=reinterpret pc=0x0000000002e8a9bc method=java.io.ObjectOutputStream$BlockDataOutputStream.getUTFLength(Ljava/lang/String;)J @ 73
Event: 19494.383 Thread 0x0000000019692000 Uncommon trap: reason=unstable_if action=reinterpret pc=0x00000000041bd8a0 method=java.io.ObjectOutputStream$BlockDataOutputStream.writeUTF(Ljava/lang/String;J)V @ 29

Internal exceptions (10 events):
Event: 4875.328 Thread 0x0000000019691800 Exception <a 'java/io/FileNotFoundException'> (0x00000000f8247ee0) thrown at [C:\re\workspace\8-2-build-windows-amd64-cygwin\jdk8u74\6087\hotspot\src\share\vm\prims\jni.cpp, line 709]
Event: 4875.364 Thread 0x0000000019691800 Exception <a 'java/io/FileNotFoundException'> (0x00000000f87da440) thrown at [C:\re\workspace\8-2-build-windows-amd64-cygwin\jdk8u74\6087\hotspot\src\share\vm\prims\jni.cpp, line 709]
Event: 4875.364 Thread 0x0000000019691800 Exception <a 'java/io/FileNotFoundException'> (0x00000000f87dc4b0) thrown at [C:\re\workspace\8-2-build-windows-amd64-cygwin\jdk8u74\6087\hotspot\src\share\vm\prims\jni.cpp, line 709]
Event: 4875.365 Thread 0x0000000019691800 Exception <a 'java/io/FileNotFoundException'> (0x00000000f87de4e0) thrown at [C:\re\workspace\8-2-build-windows-amd64-cygwin\jdk8u74\6087\hotspot\src\share\vm\prims\jni.cpp, line 709]
Event: 4875.365 Thread 0x0000000019691800 Exception <a 'java/io/FileNotFoundException'> (0x00000000f87e0580) thrown at [C:\re\workspace\8-2-build-windows-amd64-cygwin\jdk8u74\6087\hotspot\src\share\vm\prims\jni.cpp, line 709]
Event: 4875.365 Thread 0x0000000019691800 Exception <a 'java/io/FileNotFoundException'> (0x00000000f87e2598) thrown at [C:\re\workspace\8-2-build-windows-amd64-cygwin\jdk8u74\6087\hotspot\src\share\vm\prims\jni.cpp, line 709]
Event: 4875.366 Thread 0x0000000019691800 Exception <a 'java/io/FileNotFoundException'> (0x00000000f87e4628) thrown at [C:\re\workspace\8-2-build-windows-amd64-cygwin\jdk8u74\6087\hotspot\src\share\vm\prims\jni.cpp, line 709]
Event: 19493.893 Thread 0x00000000154e2000 Exception <a 'java/io/IOException'> (0x00000000faf09a70) thrown at [C:\re\workspace\8-2-build-windows-amd64-cygwin\jdk8u74\6087\hotspot\src\share\vm\prims\jni.cpp, line 709]
Event: 19494.222 Thread 0x0000000019692000 Exception <a 'java/lang/NoSuchMethodError': <clinit>> (0x00000000faf7c410) thrown at [C:\re\workspace\8-2-build-windows-amd64-cygwin\jdk8u74\6087\hotspot\src\share\vm\prims\jni.cpp, line 1591]
Event: 19494.384 Thread 0x0000000019692000 Exception <a 'java/lang/NoSuchMethodError': <clinit>> (0x00000000faf7e980) thrown at [C:\re\workspace\8-2-build-windows-amd64-cygwin\jdk8u74\6087\hotspot\src\share\vm\prims\jni.cpp, line 1591]

Events (10 events):
Event: 19494.382 Thread 0x0000000019692000 DEOPT UNPACKING pc=0x000000000262582a sp=0x000000001820db18 mode 2
Event: 19494.382 Thread 0x0000000019692000 Uncommon trap: trap_request=0xffffffde fr.pc=0x0000000004857870
Event: 19494.382 Thread 0x0000000019692000 DEOPT PACKING pc=0x0000000004857870 sp=0x000000001820dc90
Event: 19494.382 Thread 0x0000000019692000 DEOPT UNPACKING pc=0x000000000262582a sp=0x000000001820dd20 mode 2
Event: 19494.382 Thread 0x0000000019692000 Uncommon trap: trap_request=0xffffff65 fr.pc=0x0000000002e8a9bc
Event: 19494.382 Thread 0x0000000019692000 DEOPT PACKING pc=0x0000000002e8a9bc sp=0x000000001820dc10
Event: 19494.382 Thread 0x0000000019692000 DEOPT UNPACKING pc=0x000000000262582a sp=0x000000001820dbb8 mode 2
Event: 19494.383 Thread 0x0000000019692000 Uncommon trap: trap_request=0xffffff65 fr.pc=0x00000000041bd8a0
Event: 19494.383 Thread 0x0000000019692000 DEOPT PACKING pc=0x00000000041bd8a0 sp=0x000000001820dc10
Event: 19494.383 Thread 0x0000000019692000 DEOPT UNPACKING pc=0x000000000262582a sp=0x000000001820dbe8 mode 2


Dynamic libraries:
0x00007ff787390000 - 0x00007ff7873c7000 	C:\Program Files\Java\jdk1.8.0_74\bin\java.exe
0x00007ffc24840000 - 0x00007ffc24a30000 	C:\WINDOWS\SYSTEM32\ntdll.dll
0x00007ffc0a7a0000 - 0x00007ffc0a7b4000 	C:\Program Files (x86)\AVG\Antivirus\aswhook.dll
0x00007ffc24710000 - 0x00007ffc247c2000 	C:\WINDOWS\System32\KERNEL32.DLL
0x00007ffc22420000 - 0x00007ffc226c3000 	C:\WINDOWS\System32\KERNELBASE.dll
0x00007ffc238f0000 - 0x00007ffc23993000 	C:\WINDOWS\System32\ADVAPI32.dll
0x00007ffc22e40000 - 0x00007ffc22ede000 	C:\WINDOWS\System32\msvcrt.dll
0x00007ffc24310000 - 0x00007ffc243a7000 	C:\WINDOWS\System32\sechost.dll
0x00007ffc23d70000 - 0x00007ffc23e90000 	C:\WINDOWS\System32\RPCRT4.dll
0x00007ffc22970000 - 0x00007ffc22b04000 	C:\WINDOWS\System32\USER32.dll
0x00007ffc217d0000 - 0x00007ffc217f1000 	C:\WINDOWS\System32\win32u.dll
0x00007ffc22c30000 - 0x00007ffc22c56000 	C:\WINDOWS\System32\GDI32.dll
0x00007ffc22160000 - 0x00007ffc222f4000 	C:\WINDOWS\System32\gdi32full.dll
0x00007ffc22380000 - 0x00007ffc2241e000 	C:\WINDOWS\System32\msvcp_win.dll
0x00007ffc21830000 - 0x00007ffc2192a000 	C:\WINDOWS\System32\ucrtbase.dll
0x00007ffc090d0000 - 0x00007ffc09355000 	C:\WINDOWS\WinSxS\amd64_microsoft.windows.common-controls_6595b64144ccf1df_6.0.18362.476_none_e6c4b11b130f2595\COMCTL32.dll
0x00007ffc23a30000 - 0x00007ffc23d66000 	C:\WINDOWS\System32\combase.dll
0x00007ffc22820000 - 0x00007ffc228a0000 	C:\WINDOWS\System32\bcryptPrimitives.dll
0x00007ffc247d0000 - 0x00007ffc247fe000 	C:\WINDOWS\System32\IMM32.DLL
0x0000000072600000 - 0x00000000726d2000 	C:\Program Files\Java\jdk1.8.0_74\jre\bin\msvcr100.dll
0x0000000070cb0000 - 0x0000000071540000 	C:\Program Files\Java\jdk1.8.0_74\jre\bin\server\jvm.dll
0x00007ffc24300000 - 0x00007ffc24308000 	C:\WINDOWS\System32\PSAPI.DLL
0x00007ffc11d20000 - 0x00007ffc11d29000 	C:\WINDOWS\SYSTEM32\WSOCK32.dll
0x00007ffc239c0000 - 0x00007ffc23a2f000 	C:\WINDOWS\System32\WS2_32.dll
0x00007ffc1ed90000 - 0x00007ffc1edb4000 	C:\WINDOWS\SYSTEM32\WINMM.dll
0x00007ffc16f90000 - 0x00007ffc16f9a000 	C:\WINDOWS\SYSTEM32\VERSION.dll
0x00007ffc1e9f0000 - 0x00007ffc1ea1d000 	C:\WINDOWS\SYSTEM32\WINMMBASE.dll
0x00007ffc228a0000 - 0x00007ffc228ea000 	C:\WINDOWS\System32\cfgmgr32.dll
0x00000000725f0000 - 0x00000000725ff000 	C:\Program Files\Java\jdk1.8.0_74\jre\bin\verify.dll
0x00000000725c0000 - 0x00000000725e9000 	C:\Program Files\Java\jdk1.8.0_74\jre\bin\java.dll
0x00000000725a0000 - 0x00000000725b6000 	C:\Program Files\Java\jdk1.8.0_74\jre\bin\zip.dll
0x00007ffc231f0000 - 0x00007ffc238d5000 	C:\WINDOWS\System32\SHELL32.dll
0x00007ffc22b10000 - 0x00007ffc22bb9000 	C:\WINDOWS\System32\shcore.dll
0x00007ffc219e0000 - 0x00007ffc2215e000 	C:\WINDOWS\System32\windows.storage.dll
0x00007ffc21790000 - 0x00007ffc217af000 	C:\WINDOWS\System32\profapi.dll
0x00007ffc21740000 - 0x00007ffc2178a000 	C:\WINDOWS\System32\powrprof.dll
0x00007ffc21710000 - 0x00007ffc21720000 	C:\WINDOWS\System32\UMPDC.dll
0x00007ffc24570000 - 0x00007ffc245c2000 	C:\WINDOWS\System32\shlwapi.dll
0x00007ffc21720000 - 0x00007ffc21731000 	C:\WINDOWS\System32\kernel.appcore.dll
0x00007ffc22360000 - 0x00007ffc22377000 	C:\WINDOWS\System32\cryptsp.dll
0x0000000072580000 - 0x000000007259a000 	C:\Program Files\Java\jdk1.8.0_74\jre\bin\net.dll
0x00007ffc20f80000 - 0x00007ffc20fe7000 	C:\WINDOWS\system32\mswsock.dll
0x0000000072560000 - 0x0000000072571000 	C:\Program Files\Java\jdk1.8.0_74\jre\bin\nio.dll
0x00007ffc149a0000 - 0x00007ffc149c6000 	C:\Users\ASUS\.gradle\native\30\windows-amd64\native-platform.dll
0x0000000072550000 - 0x000000007255d000 	C:\Program Files\Java\jdk1.8.0_74\jre\bin\management.dll
0x00007ffc20af0000 - 0x00007ffc20b23000 	C:\WINDOWS\system32\rsaenh.dll
0x00007ffc21800000 - 0x00007ffc21826000 	C:\WINDOWS\System32\bcrypt.dll
0x00007ffc21630000 - 0x00007ffc21655000 	C:\WINDOWS\SYSTEM32\USERENV.dll
0x00007ffc21150000 - 0x00007ffc2115c000 	C:\WINDOWS\SYSTEM32\CRYPTBASE.dll
0x00007ffc20c90000 - 0x00007ffc20cca000 	C:\WINDOWS\SYSTEM32\IPHLPAPI.DLL
0x00007ffc238e0000 - 0x00007ffc238e8000 	C:\WINDOWS\System32\NSI.dll
0x00007ffc17190000 - 0x00007ffc171a6000 	C:\WINDOWS\SYSTEM32\dhcpcsvc6.DLL
0x00007ffc17170000 - 0x00007ffc1718c000 	C:\WINDOWS\SYSTEM32\dhcpcsvc.DLL
0x00007ffc20cd0000 - 0x00007ffc20d9a000 	C:\WINDOWS\SYSTEM32\DNSAPI.dll

VM Arguments:
jvm_args: -XX:MaxMetaspaceSize=256m -XX:+HeapDumpOnOutOfMemoryError -Xms256m -Xmx512m -Dfile.encoding=windows-1252 -Duser.country=FR -Duser.language=fr -Duser.variant 
java_command: org.gradle.launcher.daemon.bootstrap.GradleDaemon 5.6.4
java_class_path (initial): C:\Users\ASUS\.gradle\wrapper\dists\gradle-5.6.4-bin\bxirm19lnfz6nurbatndyydux\gradle-5.6.4\lib\gradle-launcher-5.6.4.jar
Launcher Type: SUN_STANDARD

Environment Variables:
JAVA_HOME=C:\Program Files\Java\jdk1.8.0_74
PATH=D:\oracle\product\10.2.0\db_1\bin;C:\wamp64\bin\php\php7.2.10;C:\Program Files (x86)\Common Files\Oracle\Java\javapath;C:\product\11.2.0\client_2\product\11.2.0\client_2;C:\product\11.2.0\client_2\product\11.2.0\client_2\bin;C:\Oracle\Cli11g\bin;C:\Oracle\Dev10g\jdk\jre\bin\classic;C:\Oracle\Dev10g\jdk\jre\bin;C:\Oracle\Dev10g\jdk\jre\bin\client;C:\Oracle\Dev10g\jlib;C:\Oracle\Dev10g\bin;C:\Oracle\Dev10g\jre\1.4.2\bin\client;C:\Oracle\Dev10g\jre\1.4.2\bin;C:\WINDOWS\system32;C:\WINDOWS;C:\WINDOWS\System32\Wbem;C:\WINDOWS\System32\WindowsPowerShell\v1.0\;C:\ProgramData\Oracle\Java\javapath;C:\Program Files\Java\jdk1.8.0_74\bin;C:\WINDOWS\System32\OpenSSH\;C:\ProgramData\ComposerSetup\bin;C:\Program Files\Git\cmd;C:\Program Files\Microsoft SQL Server\130\Tools\Binn\;C:\ProgramData\chocolatey\bin;C:\Program Files\Cppcheck;C:\Gradle\gradle-5.6.3\bin;C:\wamp64\bin\php\php7.2.10;C:\Users\ASUS\AppData\Local\Microsoft\WindowsApps;C:\Users\ASUS\AppData\Roaming\Composer\vendor\bin;C:\Program Files (x86)\Microsoft VS Code\bin;
USERNAME=ASUS
OS=Windows_NT
PROCESSOR_IDENTIFIER=Intel64 Family 6 Model 69 Stepping 1, GenuineIntel



---------------  S Y S T E M  ---------------

OS: Windows 10.0 , 64 bit Build 18362 (10.0.18362.329)

CPU:total 4 (2 cores per cpu, 2 threads per core) family 6 model 69 stepping 1, cmov, cx8, fxsr, mmx, sse, sse2, sse3, ssse3, sse4.1, sse4.2, popcnt, avx, avx2, aes, clmul, erms, lzcnt, ht, tsc, tscinvbit, bmi1, bmi2

Memory: 4k page, physical 8292060k(2127300k free), swap 11437788k(0k free)

vm_info: Java HotSpot(TM) 64-Bit Server VM (25.74-b02) for windows-amd64 JRE (1.8.0_74-b02), built on Jan 29 2016 17:42:36 by "java_re" with MS VC++ 10.0 (VS2010)

time: Wed Dec 11 15:13:51 2019
elapsed time: 19494 seconds (0d 5h 24m 54s)

